<?xml version="1.0" encoding="UTF-8"?>
<testsuite name="com.woncheol.restapi.RestapiApplicationTests" tests="1" skipped="0" failures="0" errors="0" timestamp="2020-05-04T00:47:35" hostname="ip-172-31-40-190" time="0.368">
  <properties/>
  <testcase name="contextLoads()" classname="com.woncheol.restapi.RestapiApplicationTests" time="0.368"/>
  <system-out><![CDATA[00:47:29.735 [Test worker] DEBUG org.springframework.test.context.BootstrapUtils - Instantiating CacheAwareContextLoaderDelegate from class [org.springframework.test.context.cache.DefaultCacheAwareContextLoaderDelegate]
00:47:29.753 [Test worker] DEBUG org.springframework.test.context.BootstrapUtils - Instantiating BootstrapContext using constructor [public org.springframework.test.context.support.DefaultBootstrapContext(java.lang.Class,org.springframework.test.context.CacheAwareContextLoaderDelegate)]
00:47:29.806 [Test worker] DEBUG org.springframework.test.context.BootstrapUtils - Instantiating TestContextBootstrapper for test class [com.woncheol.restapi.RestapiApplicationTests] from class [org.springframework.boot.test.context.SpringBootTestContextBootstrapper]
00:47:29.838 [Test worker] INFO org.springframework.boot.test.context.SpringBootTestContextBootstrapper - Neither @ContextConfiguration nor @ContextHierarchy found for test class [com.woncheol.restapi.RestapiApplicationTests], using SpringBootContextLoader
00:47:29.843 [Test worker] DEBUG org.springframework.test.context.support.AbstractContextLoader - Did not detect default resource location for test class [com.woncheol.restapi.RestapiApplicationTests]: class path resource [com/woncheol/restapi/RestapiApplicationTests-context.xml] does not exist
00:47:29.844 [Test worker] DEBUG org.springframework.test.context.support.AbstractContextLoader - Did not detect default resource location for test class [com.woncheol.restapi.RestapiApplicationTests]: class path resource [com/woncheol/restapi/RestapiApplicationTestsContext.groovy] does not exist
00:47:29.849 [Test worker] INFO org.springframework.test.context.support.AbstractContextLoader - Could not detect default resource locations for test class [com.woncheol.restapi.RestapiApplicationTests]: no resource found for suffixes {-context.xml, Context.groovy}.
00:47:29.850 [Test worker] INFO org.springframework.test.context.support.AnnotationConfigContextLoaderUtils - Could not detect default configuration classes for test class [com.woncheol.restapi.RestapiApplicationTests]: RestapiApplicationTests does not declare any static, non-private, non-final, nested classes annotated with @Configuration.
00:47:29.944 [Test worker] DEBUG org.springframework.test.context.support.ActiveProfilesUtils - Could not find an 'annotation declaring class' for annotation type [org.springframework.test.context.ActiveProfiles] and class [com.woncheol.restapi.RestapiApplicationTests]
00:47:30.059 [Test worker] DEBUG org.springframework.context.annotation.ClassPathScanningCandidateComponentProvider - Identified candidate component class: file [/home/AWSBackend/build/classes/java/main/com/woncheol/restapi/RestapiApplication.class]
00:47:30.066 [Test worker] INFO org.springframework.boot.test.context.SpringBootTestContextBootstrapper - Found @SpringBootConfiguration com.woncheol.restapi.RestapiApplication for test class com.woncheol.restapi.RestapiApplicationTests
00:47:30.237 [Test worker] DEBUG org.springframework.boot.test.context.SpringBootTestContextBootstrapper - @TestExecutionListeners is not present for class [com.woncheol.restapi.RestapiApplicationTests]: using defaults.
00:47:30.239 [Test worker] INFO org.springframework.boot.test.context.SpringBootTestContextBootstrapper - Loaded default TestExecutionListener class names from location [META-INF/spring.factories]: [org.springframework.boot.test.autoconfigure.restdocs.RestDocsTestExecutionListener, org.springframework.boot.test.autoconfigure.web.client.MockRestServiceServerResetTestExecutionListener, org.springframework.boot.test.autoconfigure.web.servlet.MockMvcPrintOnlyOnFailureTestExecutionListener, org.springframework.boot.test.autoconfigure.web.servlet.WebDriverTestExecutionListener, org.springframework.boot.test.mock.mockito.MockitoTestExecutionListener, org.springframework.boot.test.mock.mockito.ResetMocksTestExecutionListener, org.springframework.test.context.web.ServletTestExecutionListener, org.springframework.test.context.support.DirtiesContextBeforeModesTestExecutionListener, org.springframework.test.context.support.DependencyInjectionTestExecutionListener, org.springframework.test.context.support.DirtiesContextTestExecutionListener, org.springframework.test.context.transaction.TransactionalTestExecutionListener, org.springframework.test.context.jdbc.SqlScriptsTestExecutionListener, org.springframework.test.context.event.EventPublishingTestExecutionListener]
00:47:30.270 [Test worker] INFO org.springframework.boot.test.context.SpringBootTestContextBootstrapper - Using TestExecutionListeners: [org.springframework.test.context.web.ServletTestExecutionListener@40a7e157, org.springframework.test.context.support.DirtiesContextBeforeModesTestExecutionListener@40df8ee6, org.springframework.boot.test.mock.mockito.MockitoTestExecutionListener@2ba6a1ca, org.springframework.boot.test.autoconfigure.SpringBootDependencyInjectionTestExecutionListener@2645aa5d, org.springframework.test.context.support.DirtiesContextTestExecutionListener@59174a9b, org.springframework.test.context.transaction.TransactionalTestExecutionListener@650357e1, org.springframework.test.context.jdbc.SqlScriptsTestExecutionListener@7b35127a, org.springframework.test.context.event.EventPublishingTestExecutionListener@70a94803, org.springframework.boot.test.autoconfigure.restdocs.RestDocsTestExecutionListener@1309871f, org.springframework.boot.test.autoconfigure.web.client.MockRestServiceServerResetTestExecutionListener@6c4a66c0, org.springframework.boot.test.autoconfigure.web.servlet.MockMvcPrintOnlyOnFailureTestExecutionListener@3f3f1ff1, org.springframework.boot.test.autoconfigure.web.servlet.WebDriverTestExecutionListener@56ca145, org.springframework.boot.test.mock.mockito.ResetMocksTestExecutionListener@5a02ff88]
00:47:30.282 [Test worker] DEBUG org.springframework.test.context.support.AbstractDirtiesContextTestExecutionListener - Before test class: context [DefaultTestContext@5d1493f5 testClass = RestapiApplicationTests, testInstance = [null], testMethod = [null], testException = [null], mergedContextConfiguration = [WebMergedContextConfiguration@3907c847 testClass = RestapiApplicationTests, locations = '{}', classes = '{class com.woncheol.restapi.RestapiApplication}', contextInitializerClasses = '[]', activeProfiles = '{}', propertySourceLocations = '{}', propertySourceProperties = '{org.springframework.boot.test.context.SpringBootTestContextBootstrapper=true}', contextCustomizers = set[org.springframework.boot.test.autoconfigure.properties.PropertyMappingContextCustomizer@0, org.springframework.boot.test.autoconfigure.web.servlet.WebDriverContextCustomizerFactory$Customizer@58159242, org.springframework.boot.test.context.filter.ExcludeFilterContextCustomizer@6f8b4357, org.springframework.boot.test.json.DuplicateJsonObjectContextCustomizerFactory$DuplicateJsonObjectContextCustomizer@4678a733, org.springframework.boot.test.mock.mockito.MockitoContextCustomizer@0, org.springframework.boot.test.web.client.TestRestTemplateContextCustomizer@1046f619], resourceBasePath = 'src/main/webapp', contextLoader = 'org.springframework.boot.test.context.SpringBootContextLoader', parent = [null]], attributes = map['org.springframework.test.context.web.ServletTestExecutionListener.activateListener' -> true]], class annotated with @DirtiesContext [false] with mode [null].
00:47:30.340 [Test worker] DEBUG org.springframework.test.context.support.TestPropertySourceUtils - Adding inlined properties to environment: {spring.jmx.enabled=false, org.springframework.boot.test.context.SpringBootTestContextBootstrapper=true, server.port=-1}

  .   ____          _            __ _ _
 /\\ / ___'_ __ _ _(_)_ __  __ _ \ \ \ \
( ( )\___ | '_ | '_| | '_ \/ _` | \ \ \ \
 \\/  ___)| |_)| | | | | || (_| |  ) ) ) )
  '  |____| .__|_| |_|_| |_\__, | / / / /
 =========|_|==============|___/=/_/_/_/
 :: Spring Boot ::        (v2.2.6.RELEASE)

2020-05-04 00:47:30.788  INFO 7667 --- [    Test worker] c.w.restapi.RestapiApplicationTests      : Starting RestapiApplicationTests on ip-172-31-40-190 with PID 7667 (started by root in /home/AWSBackend)
2020-05-04 00:47:30.791  INFO 7667 --- [    Test worker] c.w.restapi.RestapiApplicationTests      : No active profile set, falling back to default profiles: default
2020-05-04 00:47:35.234  INFO 7667 --- [    Test worker] o.s.s.concurrent.ThreadPoolTaskExecutor  : Initializing ExecutorService 'applicationTaskExecutor'
2020-05-04 00:47:35.952  INFO 7667 --- [    Test worker] c.w.restapi.RestapiApplicationTests      : Started RestapiApplicationTests in 5.593 seconds (JVM running for 7.748)
]]></system-out>
  <system-err><![CDATA[]]></system-err>
</testsuite>
